<?xml version="1.0" encoding="UTF-8"?>
<!-- Generated by org.testng.reporters.JUnitXMLReporter -->
<testsuite hostname="Ashirbad" ignored="0" name="Test" tests="4" failures="3" timestamp="11 Aug 2019 13:55:01 GMT" time="53.168" errors="0">
  <testcase name="TestDataProvider" time="21.943" classname="testCases.Demo123">
    <failure type="java.lang.AssertionError" message="expected [true] but found [false]">
      <![CDATA[java.lang.AssertionError: expected [true] but found [false]
at testCases.Demo123.TestDataProvider(Demo123.java:50)
... Removed 29 stack frames]]>
    </failure>
  </testcase> <!-- TestDataProvider -->
  <testcase name="TestDataProvider" time="0.38" classname="testCases.TC_DDT_002">
    <failure type="org.testng.internal.reflect.MethodMatcherException" message="
Data provider mismatch
Method: TestDataProvider([Parameter{index=0, type=java.lang.String, declaredAnnotations=[]}, Parameter{index=1, type=java.lang.String, declaredAnnotations=[]}])
Arguments: [(java.lang.String) mngr164225,(java.lang.String) jahetAp,(java.lang.String) pass,(java.lang.String) 1,(java.lang.String) 100]">
      <![CDATA[org.testng.internal.reflect.MethodMatcherException: 
Data provider mismatch
Method: TestDataProvider([Parameter{index=0, type=java.lang.String, declaredAnnotations=[]}, Parameter{index=1, type=java.lang.String, declaredAnnotations=[]}])
Arguments: [(java.lang.String) mngr164225,(java.lang.String) jahetAp,(java.lang.String) pass,(java.lang.String) 1,(java.lang.String) 100]
... Removed 20 stack frames]]>
    </failure>
  </testcase> <!-- TestDataProvider -->
  <testcase name="test1" time="1.418" classname="testCases.TC_LoginTest_001"/>
  <testcase name="test2" time="1.904" classname="testCases.TC_LoginTest_001">
    <failure type="java.lang.AssertionError" message="expected [true] but found [false]">
      <![CDATA[java.lang.AssertionError: expected [true] but found [false]
at testCases.TC_LoginTest_001.test2(TC_LoginTest_001.java:45)
... Removed 29 stack frames]]>
    </failure>
  </testcase> <!-- test2 -->
</testsuite> <!-- Test -->
