<?xml version="1.0" encoding="UTF-8"?>
<testng-results skipped="0" failed="0" total="1" passed="1">
  <reporter-output>
  </reporter-output>
  <suite name="Automation Testing Suite" duration-ms="26415" started-at="2019-09-22T14:57:14Z" finished-at="2019-09-22T14:57:40Z">
    <groups>
    </groups>
    <test name="Test" duration-ms="26415" started-at="2019-09-22T14:57:14Z" finished-at="2019-09-22T14:57:40Z">
      <class name="testCases_Amazon.TestLogin">
        <test-method status="PASS" signature="setUp(java.lang.String)[pri:0, instance:testCases_Amazon.TestLogin@3bfdc050]" name="setUp" is-config="true" duration-ms="5525" started-at="2019-09-22T20:27:14Z" finished-at="2019-09-22T20:27:20Z">
          <params>
            <param index="0">
              <value>
                <![CDATA[chrome]]>
              </value>
            </param>
          </params>
          <reporter-output>
          </reporter-output>
        </test-method> <!-- setUp -->
        <test-method status="PASS" signature="workFlow()[pri:0, instance:testCases_Amazon.TestLogin@3bfdc050]" name="workFlow" duration-ms="20743" started-at="2019-09-22T20:27:20Z" finished-at="2019-09-22T20:27:40Z">
          <reporter-output>
          </reporter-output>
        </test-method> <!-- workFlow -->
      </class> <!-- testCases_Amazon.TestLogin -->
    </test> <!-- Test -->
  </suite> <!-- Automation Testing Suite -->
</testng-results>
